<?xml version="1.0" encoding="utf-8"?><testsuites><testsuite name="pytest" errors="0" failures="0" skipped="0" tests="4" time="3.499" timestamp="2024-04-04T16:41:48.188714" hostname="DESKTOP-HPM3AHR"><testcase classname="challenge_MLE.tests.api.test_api.TestBatchPipeline" name="test_should_failed_unkown_column_1" time="0.030" /><testcase classname="challenge_MLE.tests.api.test_api.TestBatchPipeline" name="test_should_failed_unkown_column_2" time="0.011" /><testcase classname="challenge_MLE.tests.api.test_api.TestBatchPipeline" name="test_should_failed_unkown_column_3" time="0.010" /><testcase classname="challenge_MLE.tests.api.test_api.TestBatchPipeline" name="test_should_get_predict" time="0.046" /></testsuite></testsuites>